\BOOKMARK [0][-]{chapter.1}{\376\377\0001\000\040\000M\000o\000d\000u\000l\000e\000\040\000I\000n\000d\000e\000x}{}% 1
\BOOKMARK [1][-]{section.1.1}{\376\377\0001\000.\0001\000\040\000M\000o\000d\000u\000l\000e\000s}{chapter.1}% 2
\BOOKMARK [0][-]{chapter.2}{\376\377\0002\000\040\000F\000i\000l\000e\000\040\000I\000n\000d\000e\000x}{}% 3
\BOOKMARK [1][-]{section.2.1}{\376\377\0002\000.\0001\000\040\000F\000i\000l\000e\000\040\000L\000i\000s\000t}{chapter.2}% 4
\BOOKMARK [0][-]{chapter.3}{\376\377\0003\000\040\000M\000o\000d\000u\000l\000e\000\040\000D\000o\000c\000u\000m\000e\000n\000t\000a\000t\000i\000o\000n}{}% 5
\BOOKMARK [1][-]{section.3.1}{\376\377\0003\000.\0001\000\040\000C\000M\000S\000I\000S}{chapter.3}% 6
\BOOKMARK [2][-]{subsection.3.1.1}{\376\377\0003\000.\0001\000.\0001\000\040\000D\000e\000t\000a\000i\000l\000e\000d\000\040\000D\000e\000s\000c\000r\000i\000p\000t\000i\000o\000n}{section.3.1}% 7
\BOOKMARK [1][-]{section.3.2}{\376\377\0003\000.\0002\000\040\000S\000t\000m\0003\0002\000f\0003\000x\000x\000\137\000s\000y\000s\000t\000e\000m}{chapter.3}% 8
\BOOKMARK [2][-]{subsection.3.2.1}{\376\377\0003\000.\0002\000.\0001\000\040\000D\000e\000t\000a\000i\000l\000e\000d\000\040\000D\000e\000s\000c\000r\000i\000p\000t\000i\000o\000n}{section.3.2}% 9
\BOOKMARK [1][-]{section.3.3}{\376\377\0003\000.\0003\000\040\000S\000T\000M\0003\0002\000F\0003\000x\000x\000\137\000S\000y\000s\000t\000e\000m\000\137\000P\000r\000i\000v\000a\000t\000e\000\137\000I\000n\000c\000l\000u\000d\000e\000s}{chapter.3}% 10
\BOOKMARK [1][-]{section.3.4}{\376\377\0003\000.\0004\000\040\000S\000T\000M\0003\0002\000F\0003\000x\000x\000\137\000S\000y\000s\000t\000e\000m\000\137\000P\000r\000i\000v\000a\000t\000e\000\137\000T\000y\000p\000e\000s\000D\000e\000f\000i\000n\000i\000t\000i\000o\000n\000s}{chapter.3}% 11
\BOOKMARK [1][-]{section.3.5}{\376\377\0003\000.\0005\000\040\000S\000T\000M\0003\0002\000F\0003\000x\000x\000\137\000S\000y\000s\000t\000e\000m\000\137\000P\000r\000i\000v\000a\000t\000e\000\137\000D\000e\000f\000i\000n\000e\000s}{chapter.3}% 12
\BOOKMARK [2][-]{subsection.3.5.1}{\376\377\0003\000.\0005\000.\0001\000\040\000D\000e\000t\000a\000i\000l\000e\000d\000\040\000D\000e\000s\000c\000r\000i\000p\000t\000i\000o\000n}{section.3.5}% 13
\BOOKMARK [2][-]{subsection.3.5.2}{\376\377\0003\000.\0005\000.\0002\000\040\000M\000a\000c\000r\000o\000\040\000D\000e\000f\000i\000n\000i\000t\000i\000o\000n\000\040\000D\000o\000c\000u\000m\000e\000n\000t\000a\000t\000i\000o\000n}{section.3.5}% 14
\BOOKMARK [3][-]{subsubsection.3.5.2.1}{\376\377\0003\000.\0005\000.\0002\000.\0001\000\040\000H\000S\000E\000\137\000V\000A\000L\000U\000E}{subsection.3.5.2}% 15
\BOOKMARK [3][-]{subsubsection.3.5.2.2}{\376\377\0003\000.\0005\000.\0002\000.\0002\000\040\000H\000S\000I\000\137\000V\000A\000L\000U\000E}{subsection.3.5.2}% 16
\BOOKMARK [3][-]{subsubsection.3.5.2.3}{\376\377\0003\000.\0005\000.\0002\000.\0003\000\040\000V\000E\000C\000T\000\137\000T\000A\000B\000\137\000O\000F\000F\000S\000E\000T}{subsection.3.5.2}% 17
\BOOKMARK [1][-]{section.3.6}{\376\377\0003\000.\0006\000\040\000S\000T\000M\0003\0002\000F\0003\000x\000x\000\137\000S\000y\000s\000t\000e\000m\000\137\000P\000r\000i\000v\000a\000t\000e\000\137\000M\000a\000c\000r\000o\000s}{chapter.3}% 18
\BOOKMARK [1][-]{section.3.7}{\376\377\0003\000.\0007\000\040\000S\000T\000M\0003\0002\000F\0003\000x\000x\000\137\000S\000y\000s\000t\000e\000m\000\137\000P\000r\000i\000v\000a\000t\000e\000\137\000V\000a\000r\000i\000a\000b\000l\000e\000s}{chapter.3}% 19
\BOOKMARK [2][-]{subsection.3.7.1}{\376\377\0003\000.\0007\000.\0001\000\040\000D\000e\000t\000a\000i\000l\000e\000d\000\040\000D\000e\000s\000c\000r\000i\000p\000t\000i\000o\000n}{section.3.7}% 20
\BOOKMARK [2][-]{subsection.3.7.2}{\376\377\0003\000.\0007\000.\0002\000\040\000V\000a\000r\000i\000a\000b\000l\000e\000\040\000D\000o\000c\000u\000m\000e\000n\000t\000a\000t\000i\000o\000n}{section.3.7}% 21
\BOOKMARK [3][-]{subsubsection.3.7.2.1}{\376\377\0003\000.\0007\000.\0002\000.\0001\000\040\000A\000H\000B\000P\000r\000e\000s\000c\000T\000a\000b\000l\000e}{subsection.3.7.2}% 22
\BOOKMARK [3][-]{subsubsection.3.7.2.2}{\376\377\0003\000.\0007\000.\0002\000.\0002\000\040\000A\000P\000B\000P\000r\000e\000s\000c\000T\000a\000b\000l\000e}{subsection.3.7.2}% 23
\BOOKMARK [3][-]{subsubsection.3.7.2.3}{\376\377\0003\000.\0007\000.\0002\000.\0003\000\040\000S\000y\000s\000t\000e\000m\000C\000o\000r\000e\000C\000l\000o\000c\000k}{subsection.3.7.2}% 24
\BOOKMARK [1][-]{section.3.8}{\376\377\0003\000.\0008\000\040\000S\000T\000M\0003\0002\000F\0003\000x\000x\000\137\000S\000y\000s\000t\000e\000m\000\137\000P\000r\000i\000v\000a\000t\000e\000\137\000F\000u\000n\000c\000t\000i\000o\000n\000P\000r\000o\000t\000o\000t\000y\000p\000e\000s}{chapter.3}% 25
\BOOKMARK [1][-]{section.3.9}{\376\377\0003\000.\0009\000\040\000S\000T\000M\0003\0002\000F\0003\000x\000x\000\137\000S\000y\000s\000t\000e\000m\000\137\000P\000r\000i\000v\000a\000t\000e\000\137\000F\000u\000n\000c\000t\000i\000o\000n\000s}{chapter.3}% 26
\BOOKMARK [2][-]{subsection.3.9.1}{\376\377\0003\000.\0009\000.\0001\000\040\000D\000e\000t\000a\000i\000l\000e\000d\000\040\000D\000e\000s\000c\000r\000i\000p\000t\000i\000o\000n}{section.3.9}% 27
\BOOKMARK [2][-]{subsection.3.9.2}{\376\377\0003\000.\0009\000.\0002\000\040\000F\000u\000n\000c\000t\000i\000o\000n\000\040\000D\000o\000c\000u\000m\000e\000n\000t\000a\000t\000i\000o\000n}{section.3.9}% 28
\BOOKMARK [3][-]{subsubsection.3.9.2.1}{\376\377\0003\000.\0009\000.\0002\000.\0001\000\040\000S\000y\000s\000t\000e\000m\000C\000o\000r\000e\000C\000l\000o\000c\000k\000U\000p\000d\000a\000t\000e\000\050\000\051}{subsection.3.9.2}% 29
\BOOKMARK [3][-]{subsubsection.3.9.2.2}{\376\377\0003\000.\0009\000.\0002\000.\0002\000\040\000S\000y\000s\000t\000e\000m\000I\000n\000i\000t\000\050\000\051}{subsection.3.9.2}% 30
\BOOKMARK [0][-]{chapter.4}{\376\377\0004\000\040\000F\000i\000l\000e\000\040\000D\000o\000c\000u\000m\000e\000n\000t\000a\000t\000i\000o\000n}{}% 31
\BOOKMARK [1][-]{section.4.1}{\376\377\0004\000.\0001\000\040\000I\000n\000c\000/\000m\000a\000i\000n\000.\000h\000\040\000F\000i\000l\000e\000\040\000R\000e\000f\000e\000r\000e\000n\000c\000e}{chapter.4}% 32
\BOOKMARK [2][-]{subsection.4.1.1}{\376\377\0004\000.\0001\000.\0001\000\040\000D\000e\000t\000a\000i\000l\000e\000d\000\040\000D\000e\000s\000c\000r\000i\000p\000t\000i\000o\000n}{section.4.1}% 33
\BOOKMARK [2][-]{subsection.4.1.2}{\376\377\0004\000.\0001\000.\0002\000\040\000M\000a\000c\000r\000o\000\040\000D\000e\000f\000i\000n\000i\000t\000i\000o\000n\000\040\000D\000o\000c\000u\000m\000e\000n\000t\000a\000t\000i\000o\000n}{section.4.1}% 34
\BOOKMARK [3][-]{subsubsection.4.1.2.1}{\376\377\0004\000.\0001\000.\0002\000.\0001\000\040\000B\0001\000\137\000E\000X\000T\000I\000\137\000I\000R\000Q\000n}{subsection.4.1.2}% 35
\BOOKMARK [3][-]{subsubsection.4.1.2.2}{\376\377\0004\000.\0001\000.\0002\000.\0002\000\040\000B\0001\000\137\000G\000P\000I\000O\000\137\000P\000o\000r\000t}{subsection.4.1.2}% 36
\BOOKMARK [3][-]{subsubsection.4.1.2.3}{\376\377\0004\000.\0001\000.\0002\000.\0003\000\040\000B\0001\000\137\000P\000i\000n}{subsection.4.1.2}% 37
\BOOKMARK [3][-]{subsubsection.4.1.2.4}{\376\377\0004\000.\0001\000.\0002\000.\0004\000\040\000L\000D\0002\000\137\000G\000P\000I\000O\000\137\000P\000o\000r\000t}{subsection.4.1.2}% 38
\BOOKMARK [3][-]{subsubsection.4.1.2.5}{\376\377\0004\000.\0001\000.\0002\000.\0005\000\040\000L\000D\0002\000\137\000P\000i\000n}{subsection.4.1.2}% 39
\BOOKMARK [3][-]{subsubsection.4.1.2.6}{\376\377\0004\000.\0001\000.\0002\000.\0006\000\040\000R\000C\000C\000\137\000O\000S\000C\0003\0002\000\137\000O\000U\000T\000\137\000G\000P\000I\000O\000\137\000P\000o\000r\000t}{subsection.4.1.2}% 40
\BOOKMARK [3][-]{subsubsection.4.1.2.7}{\376\377\0004\000.\0001\000.\0002\000.\0007\000\040\000R\000C\000C\000\137\000O\000S\000C\0003\0002\000\137\000O\000U\000T\000\137\000P\000i\000n}{subsection.4.1.2}% 41
\BOOKMARK [3][-]{subsubsection.4.1.2.8}{\376\377\0004\000.\0001\000.\0002\000.\0008\000\040\000S\000W\000O\000\137\000G\000P\000I\000O\000\137\000P\000o\000r\000t}{subsection.4.1.2}% 42
\BOOKMARK [3][-]{subsubsection.4.1.2.9}{\376\377\0004\000.\0001\000.\0002\000.\0009\000\040\000S\000W\000O\000\137\000P\000i\000n}{subsection.4.1.2}% 43
\BOOKMARK [3][-]{subsubsection.4.1.2.10}{\376\377\0004\000.\0001\000.\0002\000.\0001\0000\000\040\000T\000C\000K\000\137\000G\000P\000I\000O\000\137\000P\000o\000r\000t}{subsection.4.1.2}% 44
\BOOKMARK [3][-]{subsubsection.4.1.2.11}{\376\377\0004\000.\0001\000.\0002\000.\0001\0001\000\040\000T\000C\000K\000\137\000P\000i\000n}{subsection.4.1.2}% 45
\BOOKMARK [3][-]{subsubsection.4.1.2.12}{\376\377\0004\000.\0001\000.\0002\000.\0001\0002\000\040\000T\000M\000S\000\137\000G\000P\000I\000O\000\137\000P\000o\000r\000t}{subsection.4.1.2}% 46
\BOOKMARK [3][-]{subsubsection.4.1.2.13}{\376\377\0004\000.\0001\000.\0002\000.\0001\0003\000\040\000T\000M\000S\000\137\000P\000i\000n}{subsection.4.1.2}% 47
\BOOKMARK [3][-]{subsubsection.4.1.2.14}{\376\377\0004\000.\0001\000.\0002\000.\0001\0004\000\040\000U\000S\000A\000R\000T\000\137\000R\000X\000\137\000G\000P\000I\000O\000\137\000P\000o\000r\000t}{subsection.4.1.2}% 48
\BOOKMARK [3][-]{subsubsection.4.1.2.15}{\376\377\0004\000.\0001\000.\0002\000.\0001\0005\000\040\000U\000S\000A\000R\000T\000\137\000R\000X\000\137\000P\000i\000n}{subsection.4.1.2}% 49
\BOOKMARK [3][-]{subsubsection.4.1.2.16}{\376\377\0004\000.\0001\000.\0002\000.\0001\0006\000\040\000U\000S\000A\000R\000T\000\137\000T\000X\000\137\000G\000P\000I\000O\000\137\000P\000o\000r\000t}{subsection.4.1.2}% 50
\BOOKMARK [3][-]{subsubsection.4.1.2.17}{\376\377\0004\000.\0001\000.\0002\000.\0001\0007\000\040\000U\000S\000A\000R\000T\000\137\000T\000X\000\137\000P\000i\000n}{subsection.4.1.2}% 51
\BOOKMARK [2][-]{subsection.4.1.3}{\376\377\0004\000.\0001\000.\0003\000\040\000F\000u\000n\000c\000t\000i\000o\000n\000\040\000D\000o\000c\000u\000m\000e\000n\000t\000a\000t\000i\000o\000n}{section.4.1}% 52
\BOOKMARK [3][-]{subsubsection.4.1.3.1}{\376\377\0004\000.\0001\000.\0003\000.\0001\000\040\000E\000r\000r\000o\000r\000\137\000H\000a\000n\000d\000l\000e\000r\000\050\000\051}{subsection.4.1.3}% 53
\BOOKMARK [1][-]{section.4.2}{\376\377\0004\000.\0002\000\040\000I\000n\000c\000/\000s\000t\000m\0003\0002\000f\0003\000x\000x\000\137\000h\000a\000l\000\137\000c\000o\000n\000f\000.\000h\000\040\000F\000i\000l\000e\000\040\000R\000e\000f\000e\000r\000e\000n\000c\000e}{chapter.4}% 54
\BOOKMARK [2][-]{subsection.4.2.1}{\376\377\0004\000.\0002\000.\0001\000\040\000D\000e\000t\000a\000i\000l\000e\000d\000\040\000D\000e\000s\000c\000r\000i\000p\000t\000i\000o\000n}{section.4.2}% 55
\BOOKMARK [2][-]{subsection.4.2.2}{\376\377\0004\000.\0002\000.\0002\000\040\000M\000a\000c\000r\000o\000\040\000D\000e\000f\000i\000n\000i\000t\000i\000o\000n\000\040\000D\000o\000c\000u\000m\000e\000n\000t\000a\000t\000i\000o\000n}{section.4.2}% 56
\BOOKMARK [3][-]{subsubsection.4.2.2.1}{\376\377\0004\000.\0002\000.\0002\000.\0001\000\040\000a\000s\000s\000e\000r\000t\000\137\000p\000a\000r\000a\000m}{subsection.4.2.2}% 57
\BOOKMARK [3][-]{subsubsection.4.2.2.2}{\376\377\0004\000.\0002\000.\0002\000.\0002\000\040\000D\000A\000T\000A\000\137\000C\000A\000C\000H\000E\000\137\000E\000N\000A\000B\000L\000E}{subsection.4.2.2}% 58
\BOOKMARK [3][-]{subsubsection.4.2.2.3}{\376\377\0004\000.\0002\000.\0002\000.\0003\000\040\000E\000X\000T\000E\000R\000N\000A\000L\000\137\000C\000L\000O\000C\000K\000\137\000V\000A\000L\000U\000E}{subsection.4.2.2}% 59
\BOOKMARK [3][-]{subsubsection.4.2.2.4}{\376\377\0004\000.\0002\000.\0002\000.\0004\000\040\000H\000A\000L\000\137\000A\000D\000C\000\137\000M\000O\000D\000U\000L\000E\000\137\000E\000N\000A\000B\000L\000E\000D}{subsection.4.2.2}% 60
\BOOKMARK [3][-]{subsubsection.4.2.2.5}{\376\377\0004\000.\0002\000.\0002\000.\0005\000\040\000H\000A\000L\000\137\000C\000O\000R\000T\000E\000X\000\137\000M\000O\000D\000U\000L\000E\000\137\000E\000N\000A\000B\000L\000E\000D}{subsection.4.2.2}% 61
\BOOKMARK [3][-]{subsubsection.4.2.2.6}{\376\377\0004\000.\0002\000.\0002\000.\0006\000\040\000H\000A\000L\000\137\000D\000M\000A\000\137\000M\000O\000D\000U\000L\000E\000\137\000E\000N\000A\000B\000L\000E\000D}{subsection.4.2.2}% 62
\BOOKMARK [3][-]{subsubsection.4.2.2.7}{\376\377\0004\000.\0002\000.\0002\000.\0007\000\040\000H\000A\000L\000\137\000F\000L\000A\000S\000H\000\137\000M\000O\000D\000U\000L\000E\000\137\000E\000N\000A\000B\000L\000E\000D}{subsection.4.2.2}% 63
\BOOKMARK [3][-]{subsubsection.4.2.2.8}{\376\377\0004\000.\0002\000.\0002\000.\0008\000\040\000H\000A\000L\000\137\000G\000P\000I\000O\000\137\000M\000O\000D\000U\000L\000E\000\137\000E\000N\000A\000B\000L\000E\000D}{subsection.4.2.2}% 64
\BOOKMARK [3][-]{subsubsection.4.2.2.9}{\376\377\0004\000.\0002\000.\0002\000.\0009\000\040\000H\000A\000L\000\137\000I\0002\000C\000\137\000M\000O\000D\000U\000L\000E\000\137\000E\000N\000A\000B\000L\000E\000D}{subsection.4.2.2}% 65
\BOOKMARK [3][-]{subsubsection.4.2.2.10}{\376\377\0004\000.\0002\000.\0002\000.\0001\0000\000\040\000H\000A\000L\000\137\000M\000O\000D\000U\000L\000E\000\137\000E\000N\000A\000B\000L\000E\000D}{subsection.4.2.2}% 66
\BOOKMARK [3][-]{subsubsection.4.2.2.11}{\376\377\0004\000.\0002\000.\0002\000.\0001\0001\000\040\000H\000A\000L\000\137\000O\000P\000A\000M\000P\000\137\000M\000O\000D\000U\000L\000E\000\137\000E\000N\000A\000B\000L\000E\000D}{subsection.4.2.2}% 67
\BOOKMARK [3][-]{subsubsection.4.2.2.12}{\376\377\0004\000.\0002\000.\0002\000.\0001\0002\000\040\000H\000A\000L\000\137\000P\000W\000R\000\137\000M\000O\000D\000U\000L\000E\000\137\000E\000N\000A\000B\000L\000E\000D}{subsection.4.2.2}% 68
\BOOKMARK [3][-]{subsubsection.4.2.2.13}{\376\377\0004\000.\0002\000.\0002\000.\0001\0003\000\040\000H\000A\000L\000\137\000R\000C\000C\000\137\000M\000O\000D\000U\000L\000E\000\137\000E\000N\000A\000B\000L\000E\000D}{subsection.4.2.2}% 69
\BOOKMARK [3][-]{subsubsection.4.2.2.14}{\376\377\0004\000.\0002\000.\0002\000.\0001\0004\000\040\000H\000A\000L\000\137\000T\000I\000M\000\137\000M\000O\000D\000U\000L\000E\000\137\000E\000N\000A\000B\000L\000E\000D}{subsection.4.2.2}% 70
\BOOKMARK [3][-]{subsubsection.4.2.2.15}{\376\377\0004\000.\0002\000.\0002\000.\0001\0005\000\040\000H\000A\000L\000\137\000U\000A\000R\000T\000\137\000M\000O\000D\000U\000L\000E\000\137\000E\000N\000A\000B\000L\000E\000D}{subsection.4.2.2}% 71
\BOOKMARK [3][-]{subsubsection.4.2.2.16}{\376\377\0004\000.\0002\000.\0002\000.\0001\0006\000\040\000H\000S\000E\000\137\000S\000T\000A\000R\000T\000U\000P\000\137\000T\000I\000M\000E\000O\000U\000T}{subsection.4.2.2}% 72
\BOOKMARK [3][-]{subsubsection.4.2.2.17}{\376\377\0004\000.\0002\000.\0002\000.\0001\0007\000\040\000H\000S\000E\000\137\000V\000A\000L\000U\000E}{subsection.4.2.2}% 73
\BOOKMARK [3][-]{subsubsection.4.2.2.18}{\376\377\0004\000.\0002\000.\0002\000.\0001\0008\000\040\000H\000S\000I\000\137\000S\000T\000A\000R\000T\000U\000P\000\137\000T\000I\000M\000E\000O\000U\000T}{subsection.4.2.2}% 74
\BOOKMARK [3][-]{subsubsection.4.2.2.19}{\376\377\0004\000.\0002\000.\0002\000.\0001\0009\000\040\000H\000S\000I\000\137\000V\000A\000L\000U\000E}{subsection.4.2.2}% 75
\BOOKMARK [3][-]{subsubsection.4.2.2.20}{\376\377\0004\000.\0002\000.\0002\000.\0002\0000\000\040\000I\000N\000S\000T\000R\000U\000C\000T\000I\000O\000N\000\137\000C\000A\000C\000H\000E\000\137\000E\000N\000A\000B\000L\000E}{subsection.4.2.2}% 76
\BOOKMARK [3][-]{subsubsection.4.2.2.21}{\376\377\0004\000.\0002\000.\0002\000.\0002\0001\000\040\000L\000S\000E\000\137\000S\000T\000A\000R\000T\000U\000P\000\137\000T\000I\000M\000E\000O\000U\000T}{subsection.4.2.2}% 77
\BOOKMARK [3][-]{subsubsection.4.2.2.22}{\376\377\0004\000.\0002\000.\0002\000.\0002\0002\000\040\000L\000S\000E\000\137\000V\000A\000L\000U\000E}{subsection.4.2.2}% 78
\BOOKMARK [3][-]{subsubsection.4.2.2.23}{\376\377\0004\000.\0002\000.\0002\000.\0002\0003\000\040\000L\000S\000I\000\137\000V\000A\000L\000U\000E}{subsection.4.2.2}% 79
\BOOKMARK [3][-]{subsubsection.4.2.2.24}{\376\377\0004\000.\0002\000.\0002\000.\0002\0004\000\040\000P\000R\000E\000F\000E\000T\000C\000H\000\137\000E\000N\000A\000B\000L\000E}{subsection.4.2.2}% 80
\BOOKMARK [3][-]{subsubsection.4.2.2.25}{\376\377\0004\000.\0002\000.\0002\000.\0002\0005\000\040\000T\000I\000C\000K\000\137\000I\000N\000T\000\137\000P\000R\000I\000O\000R\000I\000T\000Y}{subsection.4.2.2}% 81
\BOOKMARK [3][-]{subsubsection.4.2.2.26}{\376\377\0004\000.\0002\000.\0002\000.\0002\0006\000\040\000U\000S\000E\000\137\000R\000T\000O\000S}{subsection.4.2.2}% 82
\BOOKMARK [3][-]{subsubsection.4.2.2.27}{\376\377\0004\000.\0002\000.\0002\000.\0002\0007\000\040\000U\000S\000E\000\137\000S\000P\000I\000\137\000C\000R\000C}{subsection.4.2.2}% 83
\BOOKMARK [3][-]{subsubsection.4.2.2.28}{\376\377\0004\000.\0002\000.\0002\000.\0002\0008\000\040\000V\000D\000D\000\137\000V\000A\000L\000U\000E}{subsection.4.2.2}% 84
\BOOKMARK [1][-]{section.4.3}{\376\377\0004\000.\0003\000\040\000I\000n\000c\000/\000s\000t\000m\0003\0002\000f\0003\000x\000x\000\137\000i\000t\000.\000h\000\040\000F\000i\000l\000e\000\040\000R\000e\000f\000e\000r\000e\000n\000c\000e}{chapter.4}% 85
\BOOKMARK [2][-]{subsection.4.3.1}{\376\377\0004\000.\0003\000.\0001\000\040\000D\000e\000t\000a\000i\000l\000e\000d\000\040\000D\000e\000s\000c\000r\000i\000p\000t\000i\000o\000n}{section.4.3}% 86
\BOOKMARK [2][-]{subsection.4.3.2}{\376\377\0004\000.\0003\000.\0002\000\040\000F\000u\000n\000c\000t\000i\000o\000n\000\040\000D\000o\000c\000u\000m\000e\000n\000t\000a\000t\000i\000o\000n}{section.4.3}% 87
\BOOKMARK [3][-]{subsubsection.4.3.2.1}{\376\377\0004\000.\0003\000.\0002\000.\0001\000\040\000A\000D\000C\0001\000\137\0002\000\137\000I\000R\000Q\000H\000a\000n\000d\000l\000e\000r\000\050\000\051}{subsection.4.3.2}% 88
\BOOKMARK [3][-]{subsubsection.4.3.2.2}{\376\377\0004\000.\0003\000.\0002\000.\0002\000\040\000B\000u\000s\000F\000a\000u\000l\000t\000\137\000H\000a\000n\000d\000l\000e\000r\000\050\000\051}{subsection.4.3.2}% 89
\BOOKMARK [3][-]{subsubsection.4.3.2.3}{\376\377\0004\000.\0003\000.\0002\000.\0003\000\040\000D\000e\000b\000u\000g\000M\000o\000n\000\137\000H\000a\000n\000d\000l\000e\000r\000\050\000\051}{subsection.4.3.2}% 90
\BOOKMARK [3][-]{subsubsection.4.3.2.4}{\376\377\0004\000.\0003\000.\0002\000.\0004\000\040\000D\000M\000A\0001\000\137\000C\000h\000a\000n\000n\000e\000l\0001\000\137\000I\000R\000Q\000H\000a\000n\000d\000l\000e\000r\000\050\000\051}{subsection.4.3.2}% 91
\BOOKMARK [3][-]{subsubsection.4.3.2.5}{\376\377\0004\000.\0003\000.\0002\000.\0005\000\040\000E\000X\000T\000I\0001\0005\000\137\0001\0000\000\137\000I\000R\000Q\000H\000a\000n\000d\000l\000e\000r\000\050\000\051}{subsection.4.3.2}% 92
\BOOKMARK [3][-]{subsubsection.4.3.2.6}{\376\377\0004\000.\0003\000.\0002\000.\0006\000\040\000H\000a\000r\000d\000F\000a\000u\000l\000t\000\137\000H\000a\000n\000d\000l\000e\000r\000\050\000\051}{subsection.4.3.2}% 93
\BOOKMARK [3][-]{subsubsection.4.3.2.7}{\376\377\0004\000.\0003\000.\0002\000.\0007\000\040\000I\0002\000C\0001\000\137\000E\000R\000\137\000I\000R\000Q\000H\000a\000n\000d\000l\000e\000r\000\050\000\051}{subsection.4.3.2}% 94
\BOOKMARK [3][-]{subsubsection.4.3.2.8}{\376\377\0004\000.\0003\000.\0002\000.\0008\000\040\000I\0002\000C\0001\000\137\000E\000V\000\137\000I\000R\000Q\000H\000a\000n\000d\000l\000e\000r\000\050\000\051}{subsection.4.3.2}% 95
\BOOKMARK [3][-]{subsubsection.4.3.2.9}{\376\377\0004\000.\0003\000.\0002\000.\0009\000\040\000M\000e\000m\000M\000a\000n\000a\000g\000e\000\137\000H\000a\000n\000d\000l\000e\000r\000\050\000\051}{subsection.4.3.2}% 96
\BOOKMARK [3][-]{subsubsection.4.3.2.10}{\376\377\0004\000.\0003\000.\0002\000.\0001\0000\000\040\000N\000M\000I\000\137\000H\000a\000n\000d\000l\000e\000r\000\050\000\051}{subsection.4.3.2}% 97
\BOOKMARK [3][-]{subsubsection.4.3.2.11}{\376\377\0004\000.\0003\000.\0002\000.\0001\0001\000\040\000P\000e\000n\000d\000S\000V\000\137\000H\000a\000n\000d\000l\000e\000r\000\050\000\051}{subsection.4.3.2}% 98
\BOOKMARK [3][-]{subsubsection.4.3.2.12}{\376\377\0004\000.\0003\000.\0002\000.\0001\0002\000\040\000S\000V\000C\000\137\000H\000a\000n\000d\000l\000e\000r\000\050\000\051}{subsection.4.3.2}% 99
\BOOKMARK [3][-]{subsubsection.4.3.2.13}{\376\377\0004\000.\0003\000.\0002\000.\0001\0003\000\040\000S\000y\000s\000T\000i\000c\000k\000\137\000H\000a\000n\000d\000l\000e\000r\000\050\000\051}{subsection.4.3.2}% 100
\BOOKMARK [3][-]{subsubsection.4.3.2.14}{\376\377\0004\000.\0003\000.\0002\000.\0001\0004\000\040\000T\000I\000M\0001\000\137\000U\000P\000\137\000T\000I\000M\0001\0006\000\137\000I\000R\000Q\000H\000a\000n\000d\000l\000e\000r\000\050\000\051}{subsection.4.3.2}% 101
\BOOKMARK [3][-]{subsubsection.4.3.2.15}{\376\377\0004\000.\0003\000.\0002\000.\0001\0005\000\040\000U\000s\000a\000g\000e\000F\000a\000u\000l\000t\000\137\000H\000a\000n\000d\000l\000e\000r\000\050\000\051}{subsection.4.3.2}% 102
\BOOKMARK [3][-]{subsubsection.4.3.2.16}{\376\377\0004\000.\0003\000.\0002\000.\0001\0006\000\040\000U\000S\000A\000R\000T\0002\000\137\000I\000R\000Q\000H\000a\000n\000d\000l\000e\000r\000\050\000\051}{subsection.4.3.2}% 103
\BOOKMARK [1][-]{section.4.4}{\376\377\0004\000.\0004\000\040\000S\000r\000c\000/\000m\000a\000i\000n\000.\000c\000\040\000F\000i\000l\000e\000\040\000R\000e\000f\000e\000r\000e\000n\000c\000e}{chapter.4}% 104
\BOOKMARK [2][-]{subsection.4.4.1}{\376\377\0004\000.\0004\000.\0001\000\040\000D\000e\000t\000a\000i\000l\000e\000d\000\040\000D\000e\000s\000c\000r\000i\000p\000t\000i\000o\000n}{section.4.4}% 105
\BOOKMARK [2][-]{subsection.4.4.2}{\376\377\0004\000.\0004\000.\0002\000\040\000M\000a\000c\000r\000o\000\040\000D\000e\000f\000i\000n\000i\000t\000i\000o\000n\000\040\000D\000o\000c\000u\000m\000e\000n\000t\000a\000t\000i\000o\000n}{section.4.4}% 106
\BOOKMARK [3][-]{subsubsection.4.4.2.1}{\376\377\0004\000.\0004\000.\0002\000.\0001\000\040\000B\000U\000F\000F\000E\000R\000\137\000S\000I\000Z\000E}{subsection.4.4.2}% 107
\BOOKMARK [3][-]{subsubsection.4.4.2.2}{\376\377\0004\000.\0004\000.\0002\000.\0002\000\040\000D\000A\000T\000A\000\137\000S\000I\000Z\000E}{subsection.4.4.2}% 108
\BOOKMARK [3][-]{subsubsection.4.4.2.3}{\376\377\0004\000.\0004\000.\0002\000.\0003\000\040\000I\000N\000\137\000S\000I\000Z\000E}{subsection.4.4.2}% 109
\BOOKMARK [3][-]{subsubsection.4.4.2.4}{\376\377\0004\000.\0004\000.\0002\000.\0004\000\040\000I\000N\000A\0002\0001\0009\000\137\000A\000D\000D\000R\000E\000S\000S}{subsection.4.4.2}% 110
\BOOKMARK [3][-]{subsubsection.4.4.2.5}{\376\377\0004\000.\0004\000.\0002\000.\0005\000\040\000I\000N\000A\0002\0001\0009\000\137\000R\000E\000G\000\137\000B\000U\000S\000V\000O\000L\000T\000A\000G\000E}{subsection.4.4.2}% 111
\BOOKMARK [3][-]{subsubsection.4.4.2.6}{\376\377\0004\000.\0004\000.\0002\000.\0006\000\040\000I\000N\000A\0002\0001\0009\000\137\000R\000E\000G\000\137\000C\000A\000L\000I\000B\000R\000A\000T\000I\000O\000N}{subsection.4.4.2}% 112
\BOOKMARK [3][-]{subsubsection.4.4.2.7}{\376\377\0004\000.\0004\000.\0002\000.\0007\000\040\000I\000N\000A\0002\0001\0009\000\137\000R\000E\000G\000\137\000C\000O\000N\000F\000I\000G}{subsection.4.4.2}% 113
\BOOKMARK [3][-]{subsubsection.4.4.2.8}{\376\377\0004\000.\0004\000.\0002\000.\0008\000\040\000I\000N\000A\0002\0001\0009\000\137\000R\000E\000G\000\137\000C\000U\000R\000R\000E\000N\000T}{subsection.4.4.2}% 114
\BOOKMARK [3][-]{subsubsection.4.4.2.9}{\376\377\0004\000.\0004\000.\0002\000.\0009\000\040\000I\000N\000A\0002\0001\0009\000\137\000R\000E\000G\000\137\000P\000O\000W\000E\000R}{subsection.4.4.2}% 115
\BOOKMARK [3][-]{subsubsection.4.4.2.10}{\376\377\0004\000.\0004\000.\0002\000.\0001\0000\000\040\000I\000N\000A\0002\0001\0009\000\137\000R\000E\000G\000\137\000S\000H\000U\000N\000T\000V\000O\000L\000T\000A\000G\000E}{subsection.4.4.2}% 116
\BOOKMARK [2][-]{subsection.4.4.3}{\376\377\0004\000.\0004\000.\0003\000\040\000F\000u\000n\000c\000t\000i\000o\000n\000\040\000D\000o\000c\000u\000m\000e\000n\000t\000a\000t\000i\000o\000n}{section.4.4}% 117
\BOOKMARK [3][-]{subsubsection.4.4.3.1}{\376\377\0004\000.\0004\000.\0003\000.\0001\000\040\000E\000r\000r\000o\000r\000\137\000H\000a\000n\000d\000l\000e\000r\000\050\000\051}{subsection.4.4.3}% 118
\BOOKMARK [3][-]{subsubsection.4.4.3.2}{\376\377\0004\000.\0004\000.\0003\000.\0002\000\040\000g\000e\000t\000B\000u\000s\000V\000o\000l\000t\000a\000g\000e\000\137\000V\000\050\000\051}{subsection.4.4.3}% 119
\BOOKMARK [3][-]{subsubsection.4.4.3.3}{\376\377\0004\000.\0004\000.\0003\000.\0003\000\040\000g\000e\000t\000C\000u\000r\000r\000e\000n\000t\000\137\000m\000A\000\050\000\051}{subsection.4.4.3}% 120
\BOOKMARK [3][-]{subsubsection.4.4.3.4}{\376\377\0004\000.\0004\000.\0003\000.\0004\000\040\000g\000e\000t\000C\000u\000r\000r\000e\000n\000t\000D\000i\000v\000i\000d\000e\000r\000\137\000m\000A\000\050\000\051}{subsection.4.4.3}% 121
\BOOKMARK [3][-]{subsubsection.4.4.3.5}{\376\377\0004\000.\0004\000.\0003\000.\0005\000\040\000g\000e\000t\000P\000o\000w\000e\000r\000\137\000m\000W\000\050\000\051}{subsection.4.4.3}% 122
\BOOKMARK [3][-]{subsubsection.4.4.3.6}{\376\377\0004\000.\0004\000.\0003\000.\0006\000\040\000g\000e\000t\000P\000o\000w\000e\000r\000M\000u\000l\000t\000i\000p\000l\000i\000e\000r\000\137\000m\000W\000\050\000\051}{subsection.4.4.3}% 123
\BOOKMARK [3][-]{subsubsection.4.4.3.7}{\376\377\0004\000.\0004\000.\0003\000.\0007\000\040\000g\000e\000t\000S\000h\000u\000n\000t\000V\000o\000l\000t\000a\000g\000e\000\137\000m\000V\000\050\000\051}{subsection.4.4.3}% 124
\BOOKMARK [3][-]{subsubsection.4.4.3.8}{\376\377\0004\000.\0004\000.\0003\000.\0008\000\040\000m\000a\000i\000n\000\050\000\051}{subsection.4.4.3}% 125
\BOOKMARK [3][-]{subsubsection.4.4.3.9}{\376\377\0004\000.\0004\000.\0003\000.\0009\000\040\000s\000e\000t\000C\000a\000l\000i\000b\000r\000a\000t\000i\000o\000n\000\137\0001\0006\000V\000\137\0004\0000\0000\000m\000A\000\050\000\051}{subsection.4.4.3}% 126
\BOOKMARK [3][-]{subsubsection.4.4.3.10}{\376\377\0004\000.\0004\000.\0003\000.\0001\0000\000\040\000S\000y\000s\000t\000e\000m\000C\000l\000o\000c\000k\000\137\000C\000o\000n\000f\000i\000g\000\050\000\051}{subsection.4.4.3}% 127
\BOOKMARK [2][-]{subsection.4.4.4}{\376\377\0004\000.\0004\000.\0004\000\040\000V\000a\000r\000i\000a\000b\000l\000e\000\040\000D\000o\000c\000u\000m\000e\000n\000t\000a\000t\000i\000o\000n}{section.4.4}% 128
\BOOKMARK [3][-]{subsubsection.4.4.4.1}{\376\377\0004\000.\0004\000.\0004\000.\0001\000\040\000a\000d\000c\000\137\000v\000a\000l}{subsection.4.4.4}% 129
\BOOKMARK [3][-]{subsubsection.4.4.4.2}{\376\377\0004\000.\0004\000.\0004\000.\0002\000\040\000b\000u\000f\000f\000e\000r}{subsection.4.4.4}% 130
\BOOKMARK [3][-]{subsubsection.4.4.4.3}{\376\377\0004\000.\0004\000.\0004\000.\0003\000\040\000d\000a\000t\000a}{subsection.4.4.4}% 131
\BOOKMARK [3][-]{subsubsection.4.4.4.4}{\376\377\0004\000.\0004\000.\0004\000.\0004\000\040\000h\000a\000d\000c\0001}{subsection.4.4.4}% 132
\BOOKMARK [3][-]{subsubsection.4.4.4.5}{\376\377\0004\000.\0004\000.\0004\000.\0005\000\040\000h\000a\000d\000c\0002}{subsection.4.4.4}% 133
\BOOKMARK [3][-]{subsubsection.4.4.4.6}{\376\377\0004\000.\0004\000.\0004\000.\0006\000\040\000h\000d\000m\000a\000\137\000a\000d\000c\0001}{subsection.4.4.4}% 134
\BOOKMARK [3][-]{subsubsection.4.4.4.7}{\376\377\0004\000.\0004\000.\0004\000.\0007\000\040\000h\000i\0002\000c\0001}{subsection.4.4.4}% 135
\BOOKMARK [3][-]{subsubsection.4.4.4.8}{\376\377\0004\000.\0004\000.\0004\000.\0008\000\040\000h\000o\000p\000a\000m\000p\0002}{subsection.4.4.4}% 136
\BOOKMARK [3][-]{subsubsection.4.4.4.9}{\376\377\0004\000.\0004\000.\0004\000.\0009\000\040\000h\000t\000i\000m\0001}{subsection.4.4.4}% 137
\BOOKMARK [3][-]{subsubsection.4.4.4.10}{\376\377\0004\000.\0004\000.\0004\000.\0001\0000\000\040\000h\000u\000a\000r\000t\0002}{subsection.4.4.4}% 138
\BOOKMARK [3][-]{subsubsection.4.4.4.11}{\376\377\0004\000.\0004\000.\0004\000.\0001\0001\000\040\000i\000n\000a\0002\0001\0009\000\137\000c\000u\000r\000r\000e\000n\000t\000D\000i\000v\000i\000d\000e\000r\000\137\000m\000A}{subsection.4.4.4}% 139
\BOOKMARK [3][-]{subsubsection.4.4.4.12}{\376\377\0004\000.\0004\000.\0004\000.\0001\0002\000\040\000i\000n\000a\0002\0001\0009\000\137\000p\000o\000w\000e\000r\000M\000u\000l\000t\000i\000p\000l\000i\000e\000r\000\137\000m\000W}{subsection.4.4.4}% 140
\BOOKMARK [3][-]{subsubsection.4.4.4.13}{\376\377\0004\000.\0004\000.\0004\000.\0001\0003\000\040\000u\000a\000r\000t\0001}{subsection.4.4.4}% 141
\BOOKMARK [3][-]{subsubsection.4.4.4.14}{\376\377\0004\000.\0004\000.\0004\000.\0001\0004\000\040\000u\000a\000r\000t\0002}{subsection.4.4.4}% 142
\BOOKMARK [3][-]{subsubsection.4.4.4.15}{\376\377\0004\000.\0004\000.\0004\000.\0001\0005\000\040\000u\000a\000r\000t\000\137\000p\000t\000r}{subsection.4.4.4}% 143
\BOOKMARK [1][-]{section.4.5}{\376\377\0004\000.\0005\000\040\000S\000r\000c\000/\000s\000t\000m\0003\0002\000f\0003\000x\000x\000\137\000h\000a\000l\000\137\000m\000s\000p\000.\000c\000\040\000F\000i\000l\000e\000\040\000R\000e\000f\000e\000r\000e\000n\000c\000e}{chapter.4}% 144
\BOOKMARK [2][-]{subsection.4.5.1}{\376\377\0004\000.\0005\000.\0001\000\040\000F\000u\000n\000c\000t\000i\000o\000n\000\040\000D\000o\000c\000u\000m\000e\000n\000t\000a\000t\000i\000o\000n}{section.4.5}% 145
\BOOKMARK [3][-]{subsubsection.4.5.1.1}{\376\377\0004\000.\0005\000.\0001\000.\0001\000\040\000H\000A\000L\000\137\000A\000D\000C\000\137\000M\000s\000p\000D\000e\000I\000n\000i\000t\000\050\000\051}{subsection.4.5.1}% 146
\BOOKMARK [3][-]{subsubsection.4.5.1.2}{\376\377\0004\000.\0005\000.\0001\000.\0002\000\040\000H\000A\000L\000\137\000A\000D\000C\000\137\000M\000s\000p\000I\000n\000i\000t\000\050\000\051}{subsection.4.5.1}% 147
\BOOKMARK [3][-]{subsubsection.4.5.1.3}{\376\377\0004\000.\0005\000.\0001\000.\0003\000\040\000H\000A\000L\000\137\000I\0002\000C\000\137\000M\000s\000p\000D\000e\000I\000n\000i\000t\000\050\000\051}{subsection.4.5.1}% 148
\BOOKMARK [3][-]{subsubsection.4.5.1.4}{\376\377\0004\000.\0005\000.\0001\000.\0004\000\040\000H\000A\000L\000\137\000I\0002\000C\000\137\000M\000s\000p\000I\000n\000i\000t\000\050\000\051}{subsection.4.5.1}% 149
\BOOKMARK [3][-]{subsubsection.4.5.1.5}{\376\377\0004\000.\0005\000.\0001\000.\0005\000\040\000H\000A\000L\000\137\000M\000s\000p\000I\000n\000i\000t\000\050\000\051}{subsection.4.5.1}% 150
\BOOKMARK [3][-]{subsubsection.4.5.1.6}{\376\377\0004\000.\0005\000.\0001\000.\0006\000\040\000H\000A\000L\000\137\000O\000P\000A\000M\000P\000\137\000M\000s\000p\000D\000e\000I\000n\000i\000t\000\050\000\051}{subsection.4.5.1}% 151
\BOOKMARK [3][-]{subsubsection.4.5.1.7}{\376\377\0004\000.\0005\000.\0001\000.\0007\000\040\000H\000A\000L\000\137\000O\000P\000A\000M\000P\000\137\000M\000s\000p\000I\000n\000i\000t\000\050\000\051}{subsection.4.5.1}% 152
\BOOKMARK [3][-]{subsubsection.4.5.1.8}{\376\377\0004\000.\0005\000.\0001\000.\0008\000\040\000H\000A\000L\000\137\000T\000I\000M\000\137\000B\000a\000s\000e\000\137\000M\000s\000p\000D\000e\000I\000n\000i\000t\000\050\000\051}{subsection.4.5.1}% 153
\BOOKMARK [3][-]{subsubsection.4.5.1.9}{\376\377\0004\000.\0005\000.\0001\000.\0009\000\040\000H\000A\000L\000\137\000T\000I\000M\000\137\000B\000a\000s\000e\000\137\000M\000s\000p\000I\000n\000i\000t\000\050\000\051}{subsection.4.5.1}% 154
\BOOKMARK [3][-]{subsubsection.4.5.1.10}{\376\377\0004\000.\0005\000.\0001\000.\0001\0000\000\040\000H\000A\000L\000\137\000U\000A\000R\000T\000\137\000M\000s\000p\000D\000e\000I\000n\000i\000t\000\050\000\051}{subsection.4.5.1}% 155
\BOOKMARK [3][-]{subsubsection.4.5.1.11}{\376\377\0004\000.\0005\000.\0001\000.\0001\0001\000\040\000H\000A\000L\000\137\000U\000A\000R\000T\000\137\000M\000s\000p\000I\000n\000i\000t\000\050\000\051}{subsection.4.5.1}% 156
\BOOKMARK [2][-]{subsection.4.5.2}{\376\377\0004\000.\0005\000.\0002\000\040\000V\000a\000r\000i\000a\000b\000l\000e\000\040\000D\000o\000c\000u\000m\000e\000n\000t\000a\000t\000i\000o\000n}{section.4.5}% 157
\BOOKMARK [3][-]{subsubsection.4.5.2.1}{\376\377\0004\000.\0005\000.\0002\000.\0001\000\040\000h\000d\000m\000a\000\137\000a\000d\000c\0001}{subsection.4.5.2}% 158
\BOOKMARK [1][-]{section.4.6}{\376\377\0004\000.\0006\000\040\000S\000r\000c\000/\000s\000t\000m\0003\0002\000f\0003\000x\000x\000\137\000i\000t\000.\000c\000\040\000F\000i\000l\000e\000\040\000R\000e\000f\000e\000r\000e\000n\000c\000e}{chapter.4}% 159
\BOOKMARK [2][-]{subsection.4.6.1}{\376\377\0004\000.\0006\000.\0001\000\040\000D\000e\000t\000a\000i\000l\000e\000d\000\040\000D\000e\000s\000c\000r\000i\000p\000t\000i\000o\000n}{section.4.6}% 160
\BOOKMARK [2][-]{subsection.4.6.2}{\376\377\0004\000.\0006\000.\0002\000\040\000M\000a\000c\000r\000o\000\040\000D\000e\000f\000i\000n\000i\000t\000i\000o\000n\000\040\000D\000o\000c\000u\000m\000e\000n\000t\000a\000t\000i\000o\000n}{section.4.6}% 161
\BOOKMARK [3][-]{subsubsection.4.6.2.1}{\376\377\0004\000.\0006\000.\0002\000.\0001\000\040\000B\000U\000F\000F\000E\000R\000\137\000S\000I\000Z\000E}{subsection.4.6.2}% 162
\BOOKMARK [3][-]{subsubsection.4.6.2.2}{\376\377\0004\000.\0006\000.\0002\000.\0002\000\040\000D\000A\000T\000A\000\137\000S\000I\000Z\000E}{subsection.4.6.2}% 163
\BOOKMARK [3][-]{subsubsection.4.6.2.3}{\376\377\0004\000.\0006\000.\0002\000.\0003\000\040\000D\000M\000A\000\137\000S\000I\000Z\000E}{subsection.4.6.2}% 164
\BOOKMARK [3][-]{subsubsection.4.6.2.4}{\376\377\0004\000.\0006\000.\0002\000.\0004\000\040\000I\000N\000\137\000S\000I\000Z\000E}{subsection.4.6.2}% 165
\BOOKMARK [3][-]{subsubsection.4.6.2.5}{\376\377\0004\000.\0006\000.\0002\000.\0005\000\040\000I\000N\000A\0002\0001\0009\000\137\000A\000D\000D\000R\000E\000S\000S}{subsection.4.6.2}% 166
\BOOKMARK [3][-]{subsubsection.4.6.2.6}{\376\377\0004\000.\0006\000.\0002\000.\0006\000\040\000I\000N\000A\0002\0001\0009\000\137\000R\000E\000G\000\137\000B\000U\000S\000V\000O\000L\000T\000A\000G\000E}{subsection.4.6.2}% 167
\BOOKMARK [3][-]{subsubsection.4.6.2.7}{\376\377\0004\000.\0006\000.\0002\000.\0007\000\040\000I\000N\000A\0002\0001\0009\000\137\000R\000E\000G\000\137\000C\000A\000L\000I\000B\000R\000A\000T\000I\000O\000N}{subsection.4.6.2}% 168
\BOOKMARK [3][-]{subsubsection.4.6.2.8}{\376\377\0004\000.\0006\000.\0002\000.\0008\000\040\000I\000N\000A\0002\0001\0009\000\137\000R\000E\000G\000\137\000C\000O\000N\000F\000I\000G}{subsection.4.6.2}% 169
\BOOKMARK [3][-]{subsubsection.4.6.2.9}{\376\377\0004\000.\0006\000.\0002\000.\0009\000\040\000I\000N\000A\0002\0001\0009\000\137\000R\000E\000G\000\137\000C\000U\000R\000R\000E\000N\000T}{subsection.4.6.2}% 170
\BOOKMARK [3][-]{subsubsection.4.6.2.10}{\376\377\0004\000.\0006\000.\0002\000.\0001\0000\000\040\000I\000N\000A\0002\0001\0009\000\137\000R\000E\000G\000\137\000P\000O\000W\000E\000R}{subsection.4.6.2}% 171
\BOOKMARK [3][-]{subsubsection.4.6.2.11}{\376\377\0004\000.\0006\000.\0002\000.\0001\0001\000\040\000I\000N\000A\0002\0001\0009\000\137\000R\000E\000G\000\137\000S\000H\000U\000N\000T\000V\000O\000L\000T\000A\000G\000E}{subsection.4.6.2}% 172
\BOOKMARK [2][-]{subsection.4.6.3}{\376\377\0004\000.\0006\000.\0003\000\040\000E\000n\000u\000m\000e\000r\000a\000t\000i\000o\000n\000\040\000T\000y\000p\000e\000\040\000D\000o\000c\000u\000m\000e\000n\000t\000a\000t\000i\000o\000n}{section.4.6}% 173
\BOOKMARK [3][-]{subsubsection.4.6.3.1}{\376\377\0004\000.\0006\000.\0003\000.\0001\000\040\000C\000O\000M\000M\000A\000N\000D}{subsection.4.6.3}% 174
\BOOKMARK [3][-]{subsubsection.4.6.3.2}{\376\377\0004\000.\0006\000.\0003\000.\0002\000\040\000M\000E\000A\000S\000U\000R\000E\000M\000E\000N\000T}{subsection.4.6.3}% 175
\BOOKMARK [2][-]{subsection.4.6.4}{\376\377\0004\000.\0006\000.\0004\000\040\000F\000u\000n\000c\000t\000i\000o\000n\000\040\000D\000o\000c\000u\000m\000e\000n\000t\000a\000t\000i\000o\000n}{section.4.6}% 176
\BOOKMARK [3][-]{subsubsection.4.6.4.1}{\376\377\0004\000.\0006\000.\0004\000.\0001\000\040\000A\000D\000C\0001\000\137\0002\000\137\000I\000R\000Q\000H\000a\000n\000d\000l\000e\000r\000\050\000\051}{subsection.4.6.4}% 177
\BOOKMARK [3][-]{subsubsection.4.6.4.2}{\376\377\0004\000.\0006\000.\0004\000.\0002\000\040\000B\000u\000s\000F\000a\000u\000l\000t\000\137\000H\000a\000n\000d\000l\000e\000r\000\050\000\051}{subsection.4.6.4}% 178
\BOOKMARK [3][-]{subsubsection.4.6.4.3}{\376\377\0004\000.\0006\000.\0004\000.\0003\000\040\000c\000m\000d\000I\0002\000C\000\050\000\051}{subsection.4.6.4}% 179
\BOOKMARK [3][-]{subsubsection.4.6.4.4}{\376\377\0004\000.\0006\000.\0004\000.\0004\000\040\000c\000m\000d\000P\000a\000r\000s\000e\000r\000\050\000\051}{subsection.4.6.4}% 180
\BOOKMARK [3][-]{subsubsection.4.6.4.5}{\376\377\0004\000.\0006\000.\0004\000.\0005\000\040\000c\000o\000n\000v\000e\000r\000t\000T\000o\000C\000o\000m\000m\000a\000n\000d\000\050\000\051}{subsection.4.6.4}% 181
\BOOKMARK [3][-]{subsubsection.4.6.4.6}{\376\377\0004\000.\0006\000.\0004\000.\0006\000\040\000D\000e\000b\000u\000g\000M\000o\000n\000\137\000H\000a\000n\000d\000l\000e\000r\000\050\000\051}{subsection.4.6.4}% 182
\BOOKMARK [3][-]{subsubsection.4.6.4.7}{\376\377\0004\000.\0006\000.\0004\000.\0007\000\040\000D\000M\000A\0001\000\137\000C\000h\000a\000n\000n\000e\000l\0001\000\137\000I\000R\000Q\000H\000a\000n\000d\000l\000e\000r\000\050\000\051}{subsection.4.6.4}% 183
\BOOKMARK [3][-]{subsubsection.4.6.4.8}{\376\377\0004\000.\0006\000.\0004\000.\0008\000\040\000E\000X\000T\000I\0001\0005\000\137\0001\0000\000\137\000I\000R\000Q\000H\000a\000n\000d\000l\000e\000r\000\050\000\051}{subsection.4.6.4}% 184
\BOOKMARK [3][-]{subsubsection.4.6.4.9}{\376\377\0004\000.\0006\000.\0004\000.\0009\000\040\000g\000e\000t\000B\000u\000s\000V\000o\000l\000t\000a\000g\000e\000\137\000V\000\050\000\051}{subsection.4.6.4}% 185
\BOOKMARK [3][-]{subsubsection.4.6.4.10}{\376\377\0004\000.\0006\000.\0004\000.\0001\0000\000\040\000g\000e\000t\000C\000u\000r\000r\000e\000n\000t\000\137\000m\000A\000\050\000\051}{subsection.4.6.4}% 186
\BOOKMARK [3][-]{subsubsection.4.6.4.11}{\376\377\0004\000.\0006\000.\0004\000.\0001\0001\000\040\000g\000e\000t\000P\000o\000w\000e\000r\000\137\000m\000W\000\050\000\051}{subsection.4.6.4}% 187
\BOOKMARK [3][-]{subsubsection.4.6.4.12}{\376\377\0004\000.\0006\000.\0004\000.\0001\0002\000\040\000g\000e\000t\000S\000h\000u\000n\000t\000V\000o\000l\000t\000a\000g\000e\000\137\000m\000V\000\050\000\051}{subsection.4.6.4}% 188
\BOOKMARK [3][-]{subsubsection.4.6.4.13}{\376\377\0004\000.\0006\000.\0004\000.\0001\0003\000\040\000H\000A\000L\000\137\000A\000D\000C\000\137\000C\000o\000n\000v\000C\000p\000l\000t\000C\000a\000l\000l\000b\000a\000c\000k\000\050\000\051}{subsection.4.6.4}% 189
\BOOKMARK [3][-]{subsubsection.4.6.4.14}{\376\377\0004\000.\0006\000.\0004\000.\0001\0004\000\040\000H\000A\000L\000\137\000G\000P\000I\000O\000\137\000E\000X\000T\000I\000\137\000C\000a\000l\000l\000b\000a\000c\000k\000\050\000\051}{subsection.4.6.4}% 190
\BOOKMARK [3][-]{subsubsection.4.6.4.15}{\376\377\0004\000.\0006\000.\0004\000.\0001\0005\000\040\000H\000A\000L\000\137\000I\0002\000C\000\137\000E\000r\000r\000o\000r\000C\000a\000l\000l\000b\000a\000c\000k\000\050\000\051}{subsection.4.6.4}% 191
\BOOKMARK [3][-]{subsubsection.4.6.4.16}{\376\377\0004\000.\0006\000.\0004\000.\0001\0006\000\040\000H\000A\000L\000\137\000I\0002\000C\000\137\000M\000a\000s\000t\000e\000r\000R\000x\000C\000p\000l\000t\000C\000a\000l\000l\000b\000a\000c\000k\000\050\000\051}{subsection.4.6.4}% 192
\BOOKMARK [3][-]{subsubsection.4.6.4.17}{\376\377\0004\000.\0006\000.\0004\000.\0001\0007\000\040\000H\000A\000L\000\137\000I\0002\000C\000\137\000M\000a\000s\000t\000e\000r\000T\000x\000C\000p\000l\000t\000C\000a\000l\000l\000b\000a\000c\000k\000\050\000\051}{subsection.4.6.4}% 193
\BOOKMARK [3][-]{subsubsection.4.6.4.18}{\376\377\0004\000.\0006\000.\0004\000.\0001\0008\000\040\000H\000A\000L\000\137\000T\000I\000M\000\137\000P\000e\000r\000i\000o\000d\000E\000l\000a\000p\000s\000e\000d\000C\000a\000l\000l\000b\000a\000c\000k\000\050\000\051}{subsection.4.6.4}% 194
\BOOKMARK [3][-]{subsubsection.4.6.4.19}{\376\377\0004\000.\0006\000.\0004\000.\0001\0009\000\040\000H\000A\000L\000\137\000U\000A\000R\000T\000\137\000E\000r\000r\000o\000r\000C\000a\000l\000l\000b\000a\000c\000k\000\050\000\051}{subsection.4.6.4}% 195
\BOOKMARK [3][-]{subsubsection.4.6.4.20}{\376\377\0004\000.\0006\000.\0004\000.\0002\0000\000\040\000H\000A\000L\000\137\000U\000A\000R\000T\000\137\000R\000x\000C\000p\000l\000t\000C\000a\000l\000l\000b\000a\000c\000k\000\050\000\051}{subsection.4.6.4}% 196
\BOOKMARK [3][-]{subsubsection.4.6.4.21}{\376\377\0004\000.\0006\000.\0004\000.\0002\0001\000\040\000H\000A\000L\000\137\000U\000A\000R\000T\000\137\000T\000x\000C\000p\000l\000t\000C\000a\000l\000l\000b\000a\000c\000k\000\050\000\051}{subsection.4.6.4}% 197
\BOOKMARK [3][-]{subsubsection.4.6.4.22}{\376\377\0004\000.\0006\000.\0004\000.\0002\0002\000\040\000H\000a\000r\000d\000F\000a\000u\000l\000t\000\137\000H\000a\000n\000d\000l\000e\000r\000\050\000\051}{subsection.4.6.4}% 198
\BOOKMARK [3][-]{subsubsection.4.6.4.23}{\376\377\0004\000.\0006\000.\0004\000.\0002\0003\000\040\000I\0002\000C\0001\000\137\000E\000R\000\137\000I\000R\000Q\000H\000a\000n\000d\000l\000e\000r\000\050\000\051}{subsection.4.6.4}% 199
\BOOKMARK [3][-]{subsubsection.4.6.4.24}{\376\377\0004\000.\0006\000.\0004\000.\0002\0004\000\040\000I\0002\000C\0001\000\137\000E\000V\000\137\000I\000R\000Q\000H\000a\000n\000d\000l\000e\000r\000\050\000\051}{subsection.4.6.4}% 200
\BOOKMARK [3][-]{subsubsection.4.6.4.25}{\376\377\0004\000.\0006\000.\0004\000.\0002\0005\000\040\000M\000e\000m\000M\000a\000n\000a\000g\000e\000\137\000H\000a\000n\000d\000l\000e\000r\000\050\000\051}{subsection.4.6.4}% 201
\BOOKMARK [3][-]{subsubsection.4.6.4.26}{\376\377\0004\000.\0006\000.\0004\000.\0002\0006\000\040\000N\000M\000I\000\137\000H\000a\000n\000d\000l\000e\000r\000\050\000\051}{subsection.4.6.4}% 202
\BOOKMARK [3][-]{subsubsection.4.6.4.27}{\376\377\0004\000.\0006\000.\0004\000.\0002\0007\000\040\000P\000e\000n\000d\000S\000V\000\137\000H\000a\000n\000d\000l\000e\000r\000\050\000\051}{subsection.4.6.4}% 203
\BOOKMARK [3][-]{subsubsection.4.6.4.28}{\376\377\0004\000.\0006\000.\0004\000.\0002\0008\000\040\000s\000e\000t\000u\000p\000T\000i\000m\000e\000r\000D\000M\000A\000\050\000\051}{subsection.4.6.4}% 204
\BOOKMARK [3][-]{subsubsection.4.6.4.29}{\376\377\0004\000.\0006\000.\0004\000.\0002\0009\000\040\000s\000e\000t\000u\000p\000T\000i\000m\000e\000r\000I\000R\000Q\000\050\000\051}{subsection.4.6.4}% 205
\BOOKMARK [3][-]{subsubsection.4.6.4.30}{\376\377\0004\000.\0006\000.\0004\000.\0003\0000\000\040\000S\000V\000C\000\137\000H\000a\000n\000d\000l\000e\000r\000\050\000\051}{subsection.4.6.4}% 206
\BOOKMARK [3][-]{subsubsection.4.6.4.31}{\376\377\0004\000.\0006\000.\0004\000.\0003\0001\000\040\000S\000y\000s\000T\000i\000c\000k\000\137\000H\000a\000n\000d\000l\000e\000r\000\050\000\051}{subsection.4.6.4}% 207
\BOOKMARK [3][-]{subsubsection.4.6.4.32}{\376\377\0004\000.\0006\000.\0004\000.\0003\0002\000\040\000T\000I\000M\0001\000\137\000U\000P\000\137\000T\000I\000M\0001\0006\000\137\000I\000R\000Q\000H\000a\000n\000d\000l\000e\000r\000\050\000\051}{subsection.4.6.4}% 208
\BOOKMARK [3][-]{subsubsection.4.6.4.33}{\376\377\0004\000.\0006\000.\0004\000.\0003\0003\000\040\000U\000s\000a\000g\000e\000F\000a\000u\000l\000t\000\137\000H\000a\000n\000d\000l\000e\000r\000\050\000\051}{subsection.4.6.4}% 209
\BOOKMARK [3][-]{subsubsection.4.6.4.34}{\376\377\0004\000.\0006\000.\0004\000.\0003\0004\000\040\000U\000S\000A\000R\000T\0002\000\137\000I\000R\000Q\000H\000a\000n\000d\000l\000e\000r\000\050\000\051}{subsection.4.6.4}% 210
\BOOKMARK [2][-]{subsection.4.6.5}{\376\377\0004\000.\0006\000.\0005\000\040\000V\000a\000r\000i\000a\000b\000l\000e\000\040\000D\000o\000c\000u\000m\000e\000n\000t\000a\000t\000i\000o\000n}{section.4.6}% 211
\BOOKMARK [3][-]{subsubsection.4.6.5.1}{\376\377\0004\000.\0006\000.\0005\000.\0001\000\040\000\137\000c\000n\000t}{subsection.4.6.5}% 212
\BOOKMARK [3][-]{subsubsection.4.6.5.2}{\376\377\0004\000.\0006\000.\0005\000.\0002\000\040\000\137\000f\000r\000e\000q}{subsection.4.6.5}% 213
\BOOKMARK [3][-]{subsubsection.4.6.5.3}{\376\377\0004\000.\0006\000.\0005\000.\0003\000\040\000a\000d\000c\000\137\000b\000u\000f\000f\000e\000r}{subsection.4.6.5}% 214
\BOOKMARK [3][-]{subsubsection.4.6.5.4}{\376\377\0004\000.\0006\000.\0005\000.\0004\000\040\000a\000d\000c\000\137\000v\000a\000l}{subsection.4.6.5}% 215
\BOOKMARK [3][-]{subsubsection.4.6.5.5}{\376\377\0004\000.\0006\000.\0005\000.\0005\000\040\000b\000u\000f\000f\000e\000r}{subsection.4.6.5}% 216
\BOOKMARK [3][-]{subsubsection.4.6.5.6}{\376\377\0004\000.\0006\000.\0005\000.\0006\000\040\000c\000m\000d}{subsection.4.6.5}% 217
\BOOKMARK [3][-]{subsubsection.4.6.5.7}{\376\377\0004\000.\0006\000.\0005\000.\0007\000\040\000c\000n\000t\000\137\000t\000i\000m}{subsection.4.6.5}% 218
\BOOKMARK [3][-]{subsubsection.4.6.5.8}{\376\377\0004\000.\0006\000.\0005\000.\0008\000\040\000d\000a\000t\000a}{subsection.4.6.5}% 219
\BOOKMARK [3][-]{subsubsection.4.6.5.9}{\376\377\0004\000.\0006\000.\0005\000.\0009\000\040\000h\000a\000d\000c\0001}{subsection.4.6.5}% 220
\BOOKMARK [3][-]{subsubsection.4.6.5.10}{\376\377\0004\000.\0006\000.\0005\000.\0001\0000\000\040\000h\000a\000d\000c\0002}{subsection.4.6.5}% 221
\BOOKMARK [3][-]{subsubsection.4.6.5.11}{\376\377\0004\000.\0006\000.\0005\000.\0001\0001\000\040\000h\000d\000m\000a\000\137\000a\000d\000c\0001}{subsection.4.6.5}% 222
\BOOKMARK [3][-]{subsubsection.4.6.5.12}{\376\377\0004\000.\0006\000.\0005\000.\0001\0002\000\040\000h\000i\0002\000c\0001}{subsection.4.6.5}% 223
\BOOKMARK [3][-]{subsubsection.4.6.5.13}{\376\377\0004\000.\0006\000.\0005\000.\0001\0003\000\040\000h\000t\000i\000m\0001}{subsection.4.6.5}% 224
\BOOKMARK [3][-]{subsubsection.4.6.5.14}{\376\377\0004\000.\0006\000.\0005\000.\0001\0004\000\040\000h\000u\000a\000r\000t\0002}{subsection.4.6.5}% 225
\BOOKMARK [3][-]{subsubsection.4.6.5.15}{\376\377\0004\000.\0006\000.\0005\000.\0001\0005\000\040\000m\000e\000a\000s\000u\000r\000e\000m\000e\000n\000t}{subsection.4.6.5}% 226
\BOOKMARK [3][-]{subsubsection.4.6.5.16}{\376\377\0004\000.\0006\000.\0005\000.\0001\0006\000\040\000t\000x\000\137\000f\000l\000a\000g}{subsection.4.6.5}% 227
\BOOKMARK [3][-]{subsubsection.4.6.5.17}{\376\377\0004\000.\0006\000.\0005\000.\0001\0007\000\040\000u\000a\000r\000t\0001}{subsection.4.6.5}% 228
\BOOKMARK [3][-]{subsubsection.4.6.5.18}{\376\377\0004\000.\0006\000.\0005\000.\0001\0008\000\040\000u\000a\000r\000t\0002}{subsection.4.6.5}% 229
\BOOKMARK [3][-]{subsubsection.4.6.5.19}{\376\377\0004\000.\0006\000.\0005\000.\0001\0009\000\040\000u\000a\000r\000t\000\137\000p\000t\000r}{subsection.4.6.5}% 230
\BOOKMARK [1][-]{section.4.7}{\376\377\0004\000.\0007\000\040\000S\000r\000c\000/\000s\000y\000s\000t\000e\000m\000\137\000s\000t\000m\0003\0002\000f\0003\000x\000x\000.\000c\000\040\000F\000i\000l\000e\000\040\000R\000e\000f\000e\000r\000e\000n\000c\000e}{chapter.4}% 231
\BOOKMARK [2][-]{subsection.4.7.1}{\376\377\0004\000.\0007\000.\0001\000\040\000D\000e\000t\000a\000i\000l\000e\000d\000\040\000D\000e\000s\000c\000r\000i\000p\000t\000i\000o\000n}{section.4.7}% 232
